Using pre-set license
Built from '2020.3/staging' branch; Version is '2020.3.3f1 (76626098c1c4) revision 7758432'; Using compiler version '192528614'; Build Type 'Release'
OS: 'Windows 10 Home; OS build 19043.1415; Version 2009; 64bit' Language: 'de' Physical Memory: 32710 MB
BatchMode: 1, IsHumanControllingUs: 0, StartBugReporterOnCrash: 0, Is64bit: 1, IsPro: 0

 COMMAND LINE ARGUMENTS:
C:\Program Files\Unity\Hub\Editor\2020.3.3f1\Editor\Unity.exe
-adb2
-batchMode
-noUpm
-name
AssetImportWorker1
-projectPath
C:/Users/leonv/Documents/GitHub/Training-System/VR Training System
-logFile
Logs/AssetImportWorker1.log
-srvPort
60365
Successfully changed project path to: C:/Users/leonv/Documents/GitHub/Training-System/VR Training System
C:/Users/leonv/Documents/GitHub/Training-System/VR Training System
Using Asset Import Pipeline V2.
Refreshing native plugins compatible for Editor in 71.43 ms, found 10 plugins.
Preloading 0 native plugins for Editor in 0.00 ms.
Initialize engine version: 2020.3.3f1 (76626098c1c4)
[Subsystems] Discovering subsystems at path C:/Program Files/Unity/Hub/Editor/2020.3.3f1/Editor/Data/Resources/UnitySubsystems
[Subsystems] Discovering subsystems at path C:/Users/leonv/Documents/GitHub/Training-System/VR Training System/Assets
GfxDevice: creating device client; threaded=0
Direct3D:
    Version:  Direct3D 11.0 [level 11.1]
    Renderer: NVIDIA GeForce GTX 980 Ti (ID=0x17c8)
    Vendor:   
    VRAM:     6097 MB
    Driver:   30.0.14.7111
Initialize mono
Mono path[0] = 'C:/Program Files/Unity/Hub/Editor/2020.3.3f1/Editor/Data/Managed'
Mono path[1] = 'C:/Program Files/Unity/Hub/Editor/2020.3.3f1/Editor/Data/MonoBleedingEdge/lib/mono/unityjit'
Mono config path = 'C:/Program Files/Unity/Hub/Editor/2020.3.3f1/Editor/Data/MonoBleedingEdge/etc'
Using monoOptions --debugger-agent=transport=dt_socket,embedding=1,server=y,suspend=n,address=127.0.0.1:56324
Begin MonoManager ReloadAssembly
Registering precompiled unity dll's ...
Register platform support module: C:/Program Files/Unity/Hub/Editor/2020.3.3f1/Editor/Data/PlaybackEngines/WindowsStandaloneSupport/UnityEditor.WindowsStandalone.Extensions.dll
Registered in 0.002285 seconds.
Native extension for WindowsStandalone target not found
Refreshing native plugins compatible for Editor in 52.75 ms, found 10 plugins.
Preloading 0 native plugins for Editor in 0.00 ms.
Invoked RoslynAnalysisRunner static constructor.
RoslynAnalysisRunner will not be running.
RoslynAnalysisRunner has terminated.
Mono: successfully reloaded assembly
- Completed reload, in  1.203 seconds
Platform modules already initialized, skipping
Registering precompiled user dll's ...
Registered in 0.008928 seconds.
Begin MonoManager ReloadAssembly
Native extension for WindowsStandalone target not found
Refreshing native plugins compatible for Editor in 52.44 ms, found 10 plugins.
Preloading 0 native plugins for Editor in 0.00 ms.
Invoked RoslynAnalysisRunner static constructor.
RoslynAnalysisRunner will not be running.
RoslynAnalysisRunner has terminated.
Mono: successfully reloaded assembly
- Completed reload, in  1.138 seconds
Platform modules already initialized, skipping
========================================================================
Worker process is ready to serve import requests
Launched and connected shader compiler UnityShaderCompiler.exe after 0.05 seconds
Refreshing native plugins compatible for Editor in 0.74 ms, found 10 plugins.
Preloading 0 native plugins for Editor in 0.00 ms.
Unloading 2933 Unused Serialized files (Serialized files now loaded: 0)
System memory in use before: 155.4 MB.
System memory in use after: 155.3 MB.

Unloading 38 unused Assets to reduce memory usage. Loaded Objects now: 3370.
Total: 2.148900 ms (FindLiveObjects: 0.236200 ms CreateObjectMapping: 0.114700 ms MarkObjects: 1.590100 ms  DeleteObjects: 0.207100 ms)

========================================================================
Received Import Request.
  path: Assets/XRI
  artifactKey: Guid(87a2dd1d95816974cb3f7bf060027101) Importer(815301076,1909f56bfc062723c751e8b465ee728b)
Start importing Assets/XRI using Guid(87a2dd1d95816974cb3f7bf060027101) Importer(815301076,1909f56bfc062723c751e8b465ee728b)  -> (artifact id: 'fc81dd5e1f0f7c441c04de04882a0386') in 0.005618 seconds
  Import took 0.009933 seconds .

========================================================================
Received Import Request.
  Time since last request: 9.020631 seconds.
  path: Assets/XR/Settings/Open XR Package Settings.asset
  artifactKey: Guid(e3ff58dce64188247b7aa070efb3e9d5) Importer(815301076,1909f56bfc062723c751e8b465ee728b)
Start importing Assets/XR/Settings/Open XR Package Settings.asset using Guid(e3ff58dce64188247b7aa070efb3e9d5) Importer(815301076,1909f56bfc062723c751e8b465ee728b)  -> (artifact id: '15380560ffdbb63c45107c237ef96864') in 0.037267 seconds
  Import took 0.041307 seconds .

========================================================================
Received Import Request.
  Time since last request: 0.000252 seconds.
  path: Assets/HTC.UnityPlugin/ViveInputUtility/Prefabs/ViveCurvePointers.prefab
  artifactKey: Guid(8c93af22a072961489d61255c39d9659) Importer(815301076,1909f56bfc062723c751e8b465ee728b)
Start importing Assets/HTC.UnityPlugin/ViveInputUtility/Prefabs/ViveCurvePointers.prefab using Guid(8c93af22a072961489d61255c39d9659) Importer(815301076,1909f56bfc062723c751e8b465ee728b)  -> (artifact id: '0c8cda002f25ad36f6af9dfc078f0d5d') in 0.067601 seconds
  Import took 0.071230 seconds .

========================================================================
Received Import Request.
  Time since last request: 0.000295 seconds.
  path: Assets/HTC.UnityPlugin/ViveInputUtility/Resources/VIUExCamConfigInterface.prefab
  artifactKey: Guid(189738cec75073140ab3a8f043e47f7c) Importer(815301076,1909f56bfc062723c751e8b465ee728b)
Start importing Assets/HTC.UnityPlugin/ViveInputUtility/Resources/VIUExCamConfigInterface.prefab using Guid(189738cec75073140ab3a8f043e47f7c) Importer(815301076,1909f56bfc062723c751e8b465ee728b)  -> (artifact id: '1bd0d5e9c0a57e950ec8b7c3516d62c6') in 0.046122 seconds
  Import took 0.050109 seconds .

========================================================================
Received Import Request.
  Time since last request: 0.000277 seconds.
  path: Assets/XRI/Settings/XRInteractionEditorSettings.asset
  artifactKey: Guid(4eb19df5b760c0249a5829e6afb66963) Importer(815301076,1909f56bfc062723c751e8b465ee728b)
Start importing Assets/XRI/Settings/XRInteractionEditorSettings.asset using Guid(4eb19df5b760c0249a5829e6afb66963) Importer(815301076,1909f56bfc062723c751e8b465ee728b)  -> (artifact id: 'b8e34d70ed63114081573264fc6dd892') in 0.003553 seconds
  Import took 0.007094 seconds .

========================================================================
Received Import Request.
  Time since last request: 0.000252 seconds.
  path: Assets/HTC.UnityPlugin/ViveInputUtility/Resources/VIUBindingInterface.prefab
  artifactKey: Guid(26a034c83db7bcb4f99de4ddf57cbcfc) Importer(815301076,1909f56bfc062723c751e8b465ee728b)
Start importing Assets/HTC.UnityPlugin/ViveInputUtility/Resources/VIUBindingInterface.prefab using Guid(26a034c83db7bcb4f99de4ddf57cbcfc) Importer(815301076,1909f56bfc062723c751e8b465ee728b)  -> (artifact id: 'b5183bc591012972550fa3eb5395281e') in 0.025577 seconds
  Import took 0.029398 seconds .

========================================================================
Received Import Request.
  Time since last request: 0.000216 seconds.
  path: Assets/HTC.UnityPlugin/ViveInputUtility/Prefabs/VivePointers.prefab
  artifactKey: Guid(12ee41758a687f54e98120e486ccd16e) Importer(815301076,1909f56bfc062723c751e8b465ee728b)
Start importing Assets/HTC.UnityPlugin/ViveInputUtility/Prefabs/VivePointers.prefab using Guid(12ee41758a687f54e98120e486ccd16e) Importer(815301076,1909f56bfc062723c751e8b465ee728b)  -> (artifact id: '5a5fcd97453abaf3c826751550a7e425') in 0.005550 seconds
  Import took 0.009613 seconds .

========================================================================
Received Import Request.
  Time since last request: 0.000274 seconds.
  path: Assets/HTC.UnityPlugin/ViveInputUtility/Prefabs/TouchPointers.prefab
  artifactKey: Guid(e2432f64b55c5f9428c1f46dc2248d58) Importer(815301076,1909f56bfc062723c751e8b465ee728b)
Start importing Assets/HTC.UnityPlugin/ViveInputUtility/Prefabs/TouchPointers.prefab using Guid(e2432f64b55c5f9428c1f46dc2248d58) Importer(815301076,1909f56bfc062723c751e8b465ee728b)  -> (artifact id: '9e2d71bb4d7f061f0772a7b1060cde71') in 0.008924 seconds
  Import took 0.012590 seconds .

========================================================================
Received Import Request.
  Time since last request: 0.000218 seconds.
  path: Assets/SteamVR/InteractionSystem/Core/Icons/vr_interaction_system_left_hand.png
  artifactKey: Guid(27f3faef5a63db84c9cbac06e94ab7b3) Importer(815301076,1909f56bfc062723c751e8b465ee728b)
Start importing Assets/SteamVR/InteractionSystem/Core/Icons/vr_interaction_system_left_hand.png using Guid(27f3faef5a63db84c9cbac06e94ab7b3) Importer(815301076,1909f56bfc062723c751e8b465ee728b)  -> (artifact id: '52f3769a2c4ce369155841b6b04c8809') in 0.024741 seconds
  Import took 0.028589 seconds .

========================================================================
Received Import Request.
  Time since last request: 0.000239 seconds.
  path: Assets/SteamVR/InteractionSystem/Teleport/Sounds/TeleportPointerLoop.wav
  artifactKey: Guid(47b5e90896f0e004c85bebd26e6057e2) Importer(815301076,1909f56bfc062723c751e8b465ee728b)
Start importing Assets/SteamVR/InteractionSystem/Teleport/Sounds/TeleportPointerLoop.wav using Guid(47b5e90896f0e004c85bebd26e6057e2) Importer(815301076,1909f56bfc062723c751e8b465ee728b)  -> (artifact id: '9864ee47fe570b59f9a82ae7ccb5a30d') in 0.153329 seconds
  Import took 0.157303 seconds .

========================================================================
Received Import Request.
  Time since last request: 0.000237 seconds.
  path: Assets/SteamVR/InteractionSystem/Core/Icons/vr_interaction_system.png
  artifactKey: Guid(b93fe5c516cf6ed4b9153ec790f856e2) Importer(815301076,1909f56bfc062723c751e8b465ee728b)
Start importing Assets/SteamVR/InteractionSystem/Core/Icons/vr_interaction_system.png using Guid(b93fe5c516cf6ed4b9153ec790f856e2) Importer(815301076,1909f56bfc062723c751e8b465ee728b)  -> (artifact id: '9d9d8f61bba5ef362f7b8da833061bca') in 0.006321 seconds
  Import took 0.009871 seconds .

========================================================================
Received Import Request.
  Time since last request: 0.000345 seconds.
  path: Assets/SteamVR/InteractionSystem/Teleport/Materials/TeleportPointer.mat
  artifactKey: Guid(140bd0e59d9bee94f9f0284c9eef5b32) Importer(815301076,1909f56bfc062723c751e8b465ee728b)
Start importing Assets/SteamVR/InteractionSystem/Teleport/Materials/TeleportPointer.mat using Guid(140bd0e59d9bee94f9f0284c9eef5b32) Importer(815301076,1909f56bfc062723c751e8b465ee728b)  -> (artifact id: '2f6bb767e5accb6368952ea3c859af72') in 0.024303 seconds
  Import took 0.028038 seconds .

========================================================================
Received Import Request.
  Time since last request: 0.000283 seconds.
  path: Assets/SteamVR/InteractionSystem/Teleport/Sounds/TeleportPointerStart.wav
  artifactKey: Guid(7113854dded09be418cf3be1158d444c) Importer(815301076,1909f56bfc062723c751e8b465ee728b)
Start importing Assets/SteamVR/InteractionSystem/Teleport/Sounds/TeleportPointerStart.wav using Guid(7113854dded09be418cf3be1158d444c) Importer(815301076,1909f56bfc062723c751e8b465ee728b)  -> (artifact id: '47351f98e67884c4e34823f300efb5ec') in 0.007201 seconds
  Import took 0.011234 seconds .

========================================================================
Received Import Request.
  Time since last request: 0.000268 seconds.
  path: Assets/SteamVR/InteractionSystem/Core/Icons/vr_interaction_system_unknown_hand.png
  artifactKey: Guid(77b322b27d7d39f4d91e479d19065d50) Importer(815301076,1909f56bfc062723c751e8b465ee728b)
Start importing Assets/SteamVR/InteractionSystem/Core/Icons/vr_interaction_system_unknown_hand.png using Guid(77b322b27d7d39f4d91e479d19065d50) Importer(815301076,1909f56bfc062723c751e8b465ee728b)  -> (artifact id: '2892d3c7326db52bd16d32450e0d663a') in 0.006644 seconds
  Import took 0.010452 seconds .

========================================================================
Received Import Request.
  Time since last request: 0.000255 seconds.
  path: Assets/SteamVR/InteractionSystem/Core/Icons/vr_interaction_system_right_hand.png
  artifactKey: Guid(1acda2a2584a8fb4683ea56799b27fa0) Importer(815301076,1909f56bfc062723c751e8b465ee728b)
Start importing Assets/SteamVR/InteractionSystem/Core/Icons/vr_interaction_system_right_hand.png using Guid(1acda2a2584a8fb4683ea56799b27fa0) Importer(815301076,1909f56bfc062723c751e8b465ee728b)  -> (artifact id: '828323925b2c6b97950e2271882396b4') in 0.006721 seconds
  Import took 0.011397 seconds .

========================================================================
Received Import Request.
  Time since last request: 0.000310 seconds.
  path: Assets/SteamVR/InteractionSystem/Core/Icons/vr_interaction_system_left_hand_question.png
  artifactKey: Guid(6789d499b24f8964c8bb06e21008e546) Importer(815301076,1909f56bfc062723c751e8b465ee728b)
Start importing Assets/SteamVR/InteractionSystem/Core/Icons/vr_interaction_system_left_hand_question.png using Guid(6789d499b24f8964c8bb06e21008e546) Importer(815301076,1909f56bfc062723c751e8b465ee728b)  -> (artifact id: '619c9f606de049a836daaabea81f4838') in 0.006499 seconds
  Import took 0.010280 seconds .

========================================================================
Received Import Request.
  Time since last request: 0.000305 seconds.
  path: Assets/SteamVR/InteractionSystem/Core/Icons/vr_interaction_system_feet.png
  artifactKey: Guid(032fb1710098a1d47ad34d72e90f714a) Importer(815301076,1909f56bfc062723c751e8b465ee728b)
Start importing Assets/SteamVR/InteractionSystem/Core/Icons/vr_interaction_system_feet.png using Guid(032fb1710098a1d47ad34d72e90f714a) Importer(815301076,1909f56bfc062723c751e8b465ee728b)  -> (artifact id: '78b96fab17d0c0a613528c7fb9abc40e') in 0.006891 seconds
  Import took 0.010910 seconds .

========================================================================
Received Import Request.
  Time since last request: 0.000269 seconds.
  path: Assets/XRI/Settings/Resources/InteractionLayerSettings.asset
  artifactKey: Guid(54e59336fa73e384db21c3703177aeff) Importer(815301076,1909f56bfc062723c751e8b465ee728b)
Start importing Assets/XRI/Settings/Resources/InteractionLayerSettings.asset using Guid(54e59336fa73e384db21c3703177aeff) Importer(815301076,1909f56bfc062723c751e8b465ee728b)  -> (artifact id: '2d564a36ae16f663dc84e501145445de') in 0.004109 seconds
  Import took 0.007876 seconds .

========================================================================
Received Import Request.
  Time since last request: 0.000251 seconds.
  path: Assets/SteamVR/InteractionSystem/Teleport/Materials URP/URPTeleportPointer.mat
  artifactKey: Guid(da2a09186fc8dfa4c9f1c2933159f94f) Importer(815301076,1909f56bfc062723c751e8b465ee728b)
Start importing Assets/SteamVR/InteractionSystem/Teleport/Materials URP/URPTeleportPointer.mat using Guid(da2a09186fc8dfa4c9f1c2933159f94f) Importer(815301076,1909f56bfc062723c751e8b465ee728b)  -> (artifact id: '22969160a102e577b6de2dac050678f7') in 0.006860 seconds
  Import took 0.010576 seconds .

========================================================================
Received Import Request.
  Time since last request: 0.000219 seconds.
  path: Assets/SteamVR/InteractionSystem/Core/Icons/vr_interaction_system_right_hand_question.png
  artifactKey: Guid(90173f9e9e795f74ca97ccc52fe410cd) Importer(815301076,1909f56bfc062723c751e8b465ee728b)
Start importing Assets/SteamVR/InteractionSystem/Core/Icons/vr_interaction_system_right_hand_question.png using Guid(90173f9e9e795f74ca97ccc52fe410cd) Importer(815301076,1909f56bfc062723c751e8b465ee728b)  -> (artifact id: 'a581374eaf8ad7642a5336a7abe7162d') in 0.006690 seconds
  Import took 0.010755 seconds .

========================================================================
Received Import Request.
  Time since last request: 0.000266 seconds.
  path: Assets/HTC.UnityPlugin/ViveInputUtility/Prefabs/HandPointers.prefab
  artifactKey: Guid(845f9b7d3c10cdc4d94362d2aa174b9f) Importer(815301076,1909f56bfc062723c751e8b465ee728b)
Start importing Assets/HTC.UnityPlugin/ViveInputUtility/Prefabs/HandPointers.prefab using Guid(845f9b7d3c10cdc4d94362d2aa174b9f) Importer(815301076,1909f56bfc062723c751e8b465ee728b)  -> (artifact id: '765370477047d2bdb463f0c9e5e587f2') in 0.005829 seconds
  Import took 0.009765 seconds .

========================================================================
Received Import Request.
  Time since last request: 41.876201 seconds.
  path: Assets/SteamVR/InteractionSystem/Longbow/Sounds/Default.mixer
  artifactKey: Guid(ec12f7772c03e4c4c9e4c2f1643595ad) Importer(815301076,1909f56bfc062723c751e8b465ee728b)
Start importing Assets/SteamVR/InteractionSystem/Longbow/Sounds/Default.mixer using Guid(ec12f7772c03e4c4c9e4c2f1643595ad) Importer(815301076,1909f56bfc062723c751e8b465ee728b)  -> (artifact id: '40d38014cbe0a9b521b40015da952333') in 0.005432 seconds
  Import took 0.009494 seconds .

========================================================================
Received Import Request.
  Time since last request: 0.000315 seconds.
  path: Assets/HTC.UnityPlugin/ViveInputUtility/Scripts/ControllerTooltip/DefaultTooltipRenderDataSample.asset
  artifactKey: Guid(fad3f706a426dcc4191977969b488dfc) Importer(815301076,1909f56bfc062723c751e8b465ee728b)
Start importing Assets/HTC.UnityPlugin/ViveInputUtility/Scripts/ControllerTooltip/DefaultTooltipRenderDataSample.asset using Guid(fad3f706a426dcc4191977969b488dfc) Importer(815301076,1909f56bfc062723c751e8b465ee728b)  -> (artifact id: '37d22129b3e2d99fad4f3e7859b4f539') in 0.004187 seconds
  Import took 0.008236 seconds .

========================================================================
Received Import Request.
  Time since last request: 0.000255 seconds.
  path: Assets/Samples/XR Interaction Toolkit/2.0.0-pre.6/Default Input Actions/XRI Default Left Controller.preset
  artifactKey: Guid(ffd8268f7307a0c48a067dad4a8fe060) Importer(815301076,1909f56bfc062723c751e8b465ee728b)
Start importing Assets/Samples/XR Interaction Toolkit/2.0.0-pre.6/Default Input Actions/XRI Default Left Controller.preset using Guid(ffd8268f7307a0c48a067dad4a8fe060) Importer(815301076,1909f56bfc062723c751e8b465ee728b)  -> (artifact id: '2195fb6f3df4ca42525238b83d9863b2') in 0.020448 seconds
  Import took 0.024678 seconds .

========================================================================
Received Import Request.
  Time since last request: 0.000251 seconds.
  path: Assets/Samples/XR Interaction Toolkit/2.0.0-pre.6/Default Input Actions/XRI Default Continuous Move.preset
  artifactKey: Guid(91f9da00cfdac5d49955df2d2d820b9c) Importer(815301076,1909f56bfc062723c751e8b465ee728b)
Start importing Assets/Samples/XR Interaction Toolkit/2.0.0-pre.6/Default Input Actions/XRI Default Continuous Move.preset using Guid(91f9da00cfdac5d49955df2d2d820b9c) Importer(815301076,1909f56bfc062723c751e8b465ee728b)  -> (artifact id: '796fc86583a9f645d2c221087d0e83a6') in 0.006946 seconds
  Import took 0.011241 seconds .

========================================================================
Received Import Request.
  Time since last request: 0.000282 seconds.
  path: Assets/Samples/XR Interaction Toolkit/2.0.0-pre.6/Default Input Actions/XRI Default Snap Turn.preset
  artifactKey: Guid(18697d253d848974aa7052cba872c9f0) Importer(815301076,1909f56bfc062723c751e8b465ee728b)
Start importing Assets/Samples/XR Interaction Toolkit/2.0.0-pre.6/Default Input Actions/XRI Default Snap Turn.preset using Guid(18697d253d848974aa7052cba872c9f0) Importer(815301076,1909f56bfc062723c751e8b465ee728b)  -> (artifact id: 'b0937b70da78c32d0cf725d6300c5dd2') in 0.005737 seconds
  Import took 0.009283 seconds .

========================================================================
Received Import Request.
  Time since last request: 0.000234 seconds.
  path: Assets/HTC.UnityPlugin/ViveInputUtility/Examples/3.3DDrag/Models/ring.obj
  artifactKey: Guid(e54ecba36ad1e774b907a9ddf42d215a) Importer(815301076,1909f56bfc062723c751e8b465ee728b)
Start importing Assets/HTC.UnityPlugin/ViveInputUtility/Examples/3.3DDrag/Models/ring.obj using Guid(e54ecba36ad1e774b907a9ddf42d215a) Importer(815301076,1909f56bfc062723c751e8b465ee728b)  -> (artifact id: 'a08e693782981c3a889f4ec7adfc8316') in 0.052167 seconds
  Import took 0.055965 seconds .

========================================================================
Received Import Request.
  Time since last request: 0.000268 seconds.
  path: Assets/TextMesh Pro/Resources/Style Sheets/Default Style Sheet.asset
  artifactKey: Guid(f952c082cb03451daed3ee968ac6c63e) Importer(815301076,1909f56bfc062723c751e8b465ee728b)
Start importing Assets/TextMesh Pro/Resources/Style Sheets/Default Style Sheet.asset using Guid(f952c082cb03451daed3ee968ac6c63e) Importer(815301076,1909f56bfc062723c751e8b465ee728b)  -> (artifact id: 'c2d61bd407cb9750eacded5fefff95db') in 0.004129 seconds
  Import took 0.008310 seconds .

========================================================================
Received Import Request.
  Time since last request: 0.000279 seconds.
  path: Assets/Samples/XR Interaction Toolkit/2.0.0-pre.6/Default Input Actions/XRI Default Input Actions.inputactions
  artifactKey: Guid(c348712bda248c246b8c49b3db54643f) Importer(815301076,1909f56bfc062723c751e8b465ee728b)
Start importing Assets/Samples/XR Interaction Toolkit/2.0.0-pre.6/Default Input Actions/XRI Default Input Actions.inputactions using Guid(c348712bda248c246b8c49b3db54643f) Importer(815301076,1909f56bfc062723c751e8b465ee728b)  -> (artifact id: 'df26d225df1c1f840047700691eb7574') in 0.009256 seconds
  Import took 0.013189 seconds .

========================================================================
Received Import Request.
  Time since last request: 0.000216 seconds.
  path: Assets/HTC.UnityPlugin/ViveInputUtility/Resources/Models/pyramid.obj
  artifactKey: Guid(34f5197a8108c0744a2f1b72b7bfa340) Importer(815301076,1909f56bfc062723c751e8b465ee728b)
Start importing Assets/HTC.UnityPlugin/ViveInputUtility/Resources/Models/pyramid.obj using Guid(34f5197a8108c0744a2f1b72b7bfa340) Importer(815301076,1909f56bfc062723c751e8b465ee728b)  -> (artifact id: '8954caf8b69c0b39a2a552566616656b') in 0.014450 seconds
  Import took 0.018286 seconds .

========================================================================
Received Import Request.
  Time since last request: 0.000242 seconds.
  path: Assets/Samples/XR Interaction Toolkit/2.0.0-pre.6/Default Input Actions/XRI Default Continuous Turn.preset
  artifactKey: Guid(0caad3af14f9a414dbdf25ed41e5aa47) Importer(815301076,1909f56bfc062723c751e8b465ee728b)
Start importing Assets/Samples/XR Interaction Toolkit/2.0.0-pre.6/Default Input Actions/XRI Default Continuous Turn.preset using Guid(0caad3af14f9a414dbdf25ed41e5aa47) Importer(815301076,1909f56bfc062723c751e8b465ee728b)  -> (artifact id: 'd9692a9a6c94eb1188e2d32856ae3590') in 0.006525 seconds
  Import took 0.011472 seconds .

========================================================================
Received Import Request.
  Time since last request: 0.000236 seconds.
  path: Assets/HTC.UnityPlugin/ViveInputUtility/Scripts/ControllerTooltip/DefaultTooltipPrefab.prefab
  artifactKey: Guid(f64ed917a7e3d044d8d831b345edca5d) Importer(815301076,1909f56bfc062723c751e8b465ee728b)
Start importing Assets/HTC.UnityPlugin/ViveInputUtility/Scripts/ControllerTooltip/DefaultTooltipPrefab.prefab using Guid(f64ed917a7e3d044d8d831b345edca5d) Importer(815301076,1909f56bfc062723c751e8b465ee728b)  -> (artifact id: 'c854b8bcc04281ad9d73bced5fb1f732') in 0.009124 seconds
  Import took 0.012934 seconds .

========================================================================
Received Import Request.
  Time since last request: 0.000229 seconds.
  path: Assets/HTC.UnityPlugin/ViveInputUtility/Examples/3.3DDrag/Models/Materials/defaultMat.mat
  artifactKey: Guid(29b14cf4189894a4eb6b66ce4c9ec156) Importer(815301076,1909f56bfc062723c751e8b465ee728b)
Start importing Assets/HTC.UnityPlugin/ViveInputUtility/Examples/3.3DDrag/Models/Materials/defaultMat.mat using Guid(29b14cf4189894a4eb6b66ce4c9ec156) Importer(815301076,1909f56bfc062723c751e8b465ee728b)  -> (artifact id: '143a877ed8f7485fe92c8dc4cda44f7a') in 0.008228 seconds
  Import took 0.012669 seconds .

========================================================================
Received Import Request.
  Time since last request: 0.000287 seconds.
  path: Assets/Lux 2.02 Personal/Lux Demos/Art/Materials/Default.mat
  artifactKey: Guid(fe30e67142a5940ac94e17bdb9c1bb5d) Importer(815301076,1909f56bfc062723c751e8b465ee728b)
Start importing Assets/Lux 2.02 Personal/Lux Demos/Art/Materials/Default.mat using Guid(fe30e67142a5940ac94e17bdb9c1bb5d) Importer(815301076,1909f56bfc062723c751e8b465ee728b)  -> (artifact id: 'a2b63ca3205dbe849d33072c47539dc9') in 0.014247 seconds
  Import took 0.018343 seconds .

========================================================================
Received Import Request.
  Time since last request: 0.000216 seconds.
  path: Assets/Samples/XR Interaction Toolkit/2.0.0-pre.6/Default Input Actions/XRI Default Right Controller.preset
  artifactKey: Guid(1421ad86ff3787b4dae70fe9e699a25f) Importer(815301076,1909f56bfc062723c751e8b465ee728b)
Start importing Assets/Samples/XR Interaction Toolkit/2.0.0-pre.6/Default Input Actions/XRI Default Right Controller.preset using Guid(1421ad86ff3787b4dae70fe9e699a25f) Importer(815301076,1909f56bfc062723c751e8b465ee728b)  -> (artifact id: '0fcf4802bce7e8e9f0bd1d72db6f14c7') in 0.006164 seconds
  Import took 0.010226 seconds .

========================================================================
Received Import Request.
  Time since last request: 9.531916 seconds.
  path: Assets/SteamVR_Input/ActionSetClasses/SteamVR_Input_ActionSet_default.cs
  artifactKey: Guid(af000cc502860e9429b203af5ce4d8ee) Importer(815301076,1909f56bfc062723c751e8b465ee728b)
Start importing Assets/SteamVR_Input/ActionSetClasses/SteamVR_Input_ActionSet_default.cs using Guid(af000cc502860e9429b203af5ce4d8ee) Importer(815301076,1909f56bfc062723c751e8b465ee728b)  -> (artifact id: 'f26b807abd3ff15fa380162cf113a02a') in 0.007024 seconds
  Import took 0.011081 seconds .

========================================================================
Received Prepare
Registering precompiled user dll's ...
Registered in 0.009669 seconds.
Begin MonoManager ReloadAssembly
Native extension for WindowsStandalone target not found
Refreshing native plugins compatible for Editor in 0.74 ms, found 10 plugins.
Preloading 0 native plugins for Editor in 0.00 ms.
Invoked RoslynAnalysisRunner static constructor.
RoslynAnalysisRunner will not be running.
RoslynAnalysisRunner has terminated.
Mono: successfully reloaded assembly
- Completed reload, in  1.017 seconds
Platform modules already initialized, skipping
Refreshing native plugins compatible for Editor in 0.75 ms, found 10 plugins.
Preloading 0 native plugins for Editor in 0.00 ms.
Unloading 2832 Unused Serialized files (Serialized files now loaded: 0)
System memory in use before: 169.9 MB.
System memory in use after: 169.8 MB.

Unloading 33 unused Assets to reduce memory usage. Loaded Objects now: 3426.
Total: 2.765200 ms (FindLiveObjects: 0.315900 ms CreateObjectMapping: 0.153700 ms MarkObjects: 2.070600 ms  DeleteObjects: 0.223700 ms)

========================================================================
Received Import Request.
  Time since last request: 125.911468 seconds.
  path: Assets/XR/Loaders/Open XR Loader.asset
  artifactKey: Guid(aa32492039e70cc4985e3f847cb531c0) Importer(815301076,1909f56bfc062723c751e8b465ee728b)
Start importing Assets/XR/Loaders/Open XR Loader.asset using Guid(aa32492039e70cc4985e3f847cb531c0) Importer(815301076,1909f56bfc062723c751e8b465ee728b) [XR] Error loading subsystem: Display (1) (header mismatch?)
 -> (artifact id: '1503881877f165ea1b151ff3bcbb90fc') in 0.019169 seconds
  Import took 0.026403 seconds .

========================================================================
Received Import Request.
  Time since last request: 0.000231 seconds.
  path: Assets/Samples/XR Interaction Toolkit/2.0.0-pre.6/XR Device Simulator/XR Device Simulator Controls.inputactions
  artifactKey: Guid(da2b439d1a2de5c46a4f428f8cf4fe19) Importer(815301076,1909f56bfc062723c751e8b465ee728b)
Start importing Assets/Samples/XR Interaction Toolkit/2.0.0-pre.6/XR Device Simulator/XR Device Simulator Controls.inputactions using Guid(da2b439d1a2de5c46a4f428f8cf4fe19) Importer(815301076,1909f56bfc062723c751e8b465ee728b)  -> (artifact id: 'c8233e6d485cf8f3e61f15eb9e0fdd5c') in 0.012822 seconds
  Import took 0.017116 seconds .

========================================================================
Received Import Request.
  Time since last request: 0.000266 seconds.
  path: Assets/Samples/XR Interaction Toolkit/2.0.0-pre.6/XR Device Simulator/XR Device Simulator.prefab
  artifactKey: Guid(9f5a24a380916d14db9775daab4fe333) Importer(815301076,1909f56bfc062723c751e8b465ee728b)
Start importing Assets/Samples/XR Interaction Toolkit/2.0.0-pre.6/XR Device Simulator/XR Device Simulator.prefab using Guid(9f5a24a380916d14db9775daab4fe333) Importer(815301076,1909f56bfc062723c751e8b465ee728b)  -> (artifact id: 'b61fcb0e66c2b67100924661cec65485') in 0.016622 seconds
  Import took 0.020681 seconds .

========================================================================
Received Import Request.
  Time since last request: 0.000202 seconds.
  path: Assets/XR/Loaders/Open XR Loader No Pre Init.asset
  artifactKey: Guid(7ce19ff83db4dbd4da3253d2b2f406bb) Importer(815301076,1909f56bfc062723c751e8b465ee728b)
Start importing Assets/XR/Loaders/Open XR Loader No Pre Init.asset using Guid(7ce19ff83db4dbd4da3253d2b2f406bb) Importer(815301076,1909f56bfc062723c751e8b465ee728b)  -> (artifact id: '5c05b594d3f564ffb00b192dcee6107a') in 0.002877 seconds
  Import took 0.006830 seconds .

========================================================================
Received Import Request.
  Time since last request: 0.000227 seconds.
  path: Assets/XR/XRGeneralSettings.asset
  artifactKey: Guid(b2a6355fd82855a42a644eb298a15f9b) Importer(815301076,1909f56bfc062723c751e8b465ee728b)
Start importing Assets/XR/XRGeneralSettings.asset using Guid(b2a6355fd82855a42a644eb298a15f9b) Importer(815301076,1909f56bfc062723c751e8b465ee728b)  -> (artifact id: 'dafc9b32ddffc792a3fc7c71ea031778') in 0.008180 seconds
  Import took 0.011795 seconds .

========================================================================
Received Import Request.
  Time since last request: 0.000298 seconds.
  path: Assets/XR/Settings/OpenXR Editor Settings.asset
  artifactKey: Guid(7e64621528d5783439e9795c6ede2121) Importer(815301076,1909f56bfc062723c751e8b465ee728b)
Start importing Assets/XR/Settings/OpenXR Editor Settings.asset using Guid(7e64621528d5783439e9795c6ede2121) Importer(815301076,1909f56bfc062723c751e8b465ee728b)  -> (artifact id: 'a2c8296d9b5bbe0f122bc95f99a38121') in 0.004922 seconds
  Import took 0.008538 seconds .

========================================================================
Received Prepare
Registering precompiled user dll's ...
Registered in 0.008701 seconds.
Begin MonoManager ReloadAssembly
Native extension for WindowsStandalone target not found
Refreshing native plugins compatible for Editor in 0.78 ms, found 10 plugins.
Preloading 0 native plugins for Editor in 0.00 ms.
Invoked RoslynAnalysisRunner static constructor.
RoslynAnalysisRunner will not be running.
RoslynAnalysisRunner has terminated.
Mono: successfully reloaded assembly
- Completed reload, in  1.019 seconds
Platform modules already initialized, skipping
Refreshing native plugins compatible for Editor in 0.79 ms, found 10 plugins.
Preloading 0 native plugins for Editor in 0.00 ms.
Unloading 2832 Unused Serialized files (Serialized files now loaded: 0)
System memory in use before: 170.0 MB.
System memory in use after: 169.9 MB.

Unloading 31 unused Assets to reduce memory usage. Loaded Objects now: 3430.
Total: 3.107100 ms (FindLiveObjects: 0.270000 ms CreateObjectMapping: 0.155800 ms MarkObjects: 2.454700 ms  DeleteObjects: 0.225200 ms)

AssetImportWorkerClient::OnTransportError - code=2 error=End of file
