Using pre-set license
Built from '2020.3/staging' branch; Version is '2020.3.3f1 (76626098c1c4) revision 7758432'; Using compiler version '192528614'; Build Type 'Release'
OS: 'Windows 10 Enterprise; OS build 18363.1977; Version 1909; 64bit' Language: 'de' Physical Memory: 32701 MB
BatchMode: 1, IsHumanControllingUs: 0, StartBugReporterOnCrash: 0, Is64bit: 1, IsPro: 0

 COMMAND LINE ARGUMENTS:
C:\Program Files\Unity\Hub\Editor\2020.3.3f1\Editor\Unity.exe
-adb2
-batchMode
-noUpm
-name
AssetImportWorker0
-projectPath
C:/Users/bopperln/Documents/GitHub2/Training-System/VR Training System
-logFile
Logs/AssetImportWorker0.log
-srvPort
17625
Successfully changed project path to: C:/Users/bopperln/Documents/GitHub2/Training-System/VR Training System
C:/Users/bopperln/Documents/GitHub2/Training-System/VR Training System
Using Asset Import Pipeline V2.
Refreshing native plugins compatible for Editor in 119.19 ms, found 10 plugins.
Preloading 0 native plugins for Editor in 0.00 ms.
Initialize engine version: 2020.3.3f1 (76626098c1c4)
[Subsystems] Discovering subsystems at path C:/Program Files/Unity/Hub/Editor/2020.3.3f1/Editor/Data/Resources/UnitySubsystems
[Subsystems] Discovering subsystems at path C:/Users/bopperln/Documents/GitHub2/Training-System/VR Training System/Assets
GfxDevice: creating device client; threaded=0
Direct3D:
    Version:  Direct3D 11.0 [level 11.1]
    Renderer: AMD Radeon VII (ID=0x66af)
    Vendor:   
    VRAM:     16311 MB
    Driver:   30.0.13025.5005
Shader 'Universal Render Pipeline/Particles/Lit': fallback shader 'Universal Render Pipeline/Particles/SimpleLit' not found
Initialize mono
Mono path[0] = 'C:/Program Files/Unity/Hub/Editor/2020.3.3f1/Editor/Data/Managed'
Mono path[1] = 'C:/Program Files/Unity/Hub/Editor/2020.3.3f1/Editor/Data/MonoBleedingEdge/lib/mono/unityjit'
Mono config path = 'C:/Program Files/Unity/Hub/Editor/2020.3.3f1/Editor/Data/MonoBleedingEdge/etc'
Using monoOptions --debugger-agent=transport=dt_socket,embedding=1,server=y,suspend=n,address=127.0.0.1:56076
Begin MonoManager ReloadAssembly
Registering precompiled unity dll's ...
Register platform support module: C:/Program Files/Unity/Hub/Editor/2020.3.3f1/Editor/Data/PlaybackEngines/WindowsStandaloneSupport/UnityEditor.WindowsStandalone.Extensions.dll
Registered in 0.001798 seconds.
Native extension for WindowsStandalone target not found
Refreshing native plugins compatible for Editor in 97.81 ms, found 10 plugins.
Preloading 0 native plugins for Editor in 0.00 ms.
Invoked RoslynAnalysisRunner static constructor.
RoslynAnalysisRunner will not be running.
RoslynAnalysisRunner has terminated.
Mono: successfully reloaded assembly
- Completed reload, in  1.286 seconds
Platform modules already initialized, skipping
Registering precompiled user dll's ...
Registered in 0.013023 seconds.
Begin MonoManager ReloadAssembly
Native extension for WindowsStandalone target not found
Refreshing native plugins compatible for Editor in 99.53 ms, found 10 plugins.
Preloading 0 native plugins for Editor in 0.00 ms.
Invoked RoslynAnalysisRunner static constructor.
RoslynAnalysisRunner will not be running.
RoslynAnalysisRunner has terminated.
Mono: successfully reloaded assembly
- Completed reload, in  1.619 seconds
Platform modules already initialized, skipping
========================================================================
Worker process is ready to serve import requests
Shader 'Universal Render Pipeline/Particles/Lit': fallback shader 'Universal Render Pipeline/Particles/SimpleLit' not found
Launched and connected shader compiler UnityShaderCompiler.exe after 0.05 seconds
Refreshing native plugins compatible for Editor in 2.48 ms, found 10 plugins.
Preloading 0 native plugins for Editor in 0.00 ms.
Unloading 4020 Unused Serialized files (Serialized files now loaded: 0)
System memory in use before: 211.2 MB.
System memory in use after: 211.1 MB.

Unloading 39 unused Assets to reduce memory usage. Loaded Objects now: 4468.
Total: 5.811600 ms (FindLiveObjects: 0.584900 ms CreateObjectMapping: 1.154000 ms MarkObjects: 3.779600 ms  DeleteObjects: 0.290900 ms)

========================================================================
Received Import Request.
  path: Assets/Editor
  artifactKey: Guid(7c812cef5f8f40f48a7090ca5e205582) Importer(815301076,1909f56bfc062723c751e8b465ee728b)
Start importing Assets/Editor using Guid(7c812cef5f8f40f48a7090ca5e205582) Importer(815301076,1909f56bfc062723c751e8b465ee728b)  -> (artifact id: 'f2bceb710c6e32cd3fa854b8dd234eb7') in 0.012850 seconds
  Import took 0.020867 seconds .

========================================================================
Received Import Request.
  Time since last request: 26.545883 seconds.
  path: Assets/HTC.UnityPlugin/ViveInputUtility/Examples/10.ControllerTooltips/TooltipMenu.asset
  artifactKey: Guid(2275bf2a62608a04b8b8fa9de545f3fa) Importer(815301076,1909f56bfc062723c751e8b465ee728b)
Start importing Assets/HTC.UnityPlugin/ViveInputUtility/Examples/10.ControllerTooltips/TooltipMenu.asset using Guid(2275bf2a62608a04b8b8fa9de545f3fa) Importer(815301076,1909f56bfc062723c751e8b465ee728b)  -> (artifact id: '9a93dbc73cf319fa5d8aeb632c46519c') in 0.033246 seconds
  Import took 0.040082 seconds .

========================================================================
Received Import Request.
  Time since last request: 13.692227 seconds.
  path: Assets/HTC.UnityPlugin/ViveInputUtility/Resources/Models/ObjModelViveFocusFinch.fbx
  artifactKey: Guid(aa58a01d293edc24987fbbf6ec9578ad) Importer(815301076,1909f56bfc062723c751e8b465ee728b)
Start importing Assets/HTC.UnityPlugin/ViveInputUtility/Resources/Models/ObjModelViveFocusFinch.fbx using Guid(aa58a01d293edc24987fbbf6ec9578ad) Importer(815301076,1909f56bfc062723c751e8b465ee728b)  -> (artifact id: 'ac626ce7e431ce25b030b670559ee8a6') in 0.210890 seconds
  Import took 0.218784 seconds .

========================================================================
Received Import Request.
  Time since last request: 0.000223 seconds.
  path: Assets/HTC.UnityPlugin/ViveInputUtility/Examples/8.NearFieldHandInteraction/Prefabs/StuckablePushButton.prefab
  artifactKey: Guid(ef84bc17eeeaf064f89b2cf8a0296fb5) Importer(815301076,1909f56bfc062723c751e8b465ee728b)
Start importing Assets/HTC.UnityPlugin/ViveInputUtility/Examples/8.NearFieldHandInteraction/Prefabs/StuckablePushButton.prefab using Guid(ef84bc17eeeaf064f89b2cf8a0296fb5) Importer(815301076,1909f56bfc062723c751e8b465ee728b)  -> (artifact id: 'ab686d3eba73e04dd55583e71b466697') in 0.023332 seconds
  Import took 0.030901 seconds .

========================================================================
Received Import Request.
  Time since last request: 0.000223 seconds.
  path: Assets/HTC.UnityPlugin/ViveInputUtility/Examples/8.NearFieldHandInteraction/Prefabs/TouchButton.prefab
  artifactKey: Guid(d47aad82a5847fc408a6f211d6393d72) Importer(815301076,1909f56bfc062723c751e8b465ee728b)
Start importing Assets/HTC.UnityPlugin/ViveInputUtility/Examples/8.NearFieldHandInteraction/Prefabs/TouchButton.prefab using Guid(d47aad82a5847fc408a6f211d6393d72) Importer(815301076,1909f56bfc062723c751e8b465ee728b)  -> (artifact id: 'f5d02546d37cb59f151767a662bd41dd') in 0.022708 seconds
  Import took 0.030527 seconds .

========================================================================
Received Import Request.
  Time since last request: 0.000276 seconds.
  path: Assets/SteamVR/InteractionSystem/Samples/BuggyBuddy/Buggy Controller.fbx
  artifactKey: Guid(02842627faccabf418acf404c32f7b7a) Importer(815301076,1909f56bfc062723c751e8b465ee728b)
Start importing Assets/SteamVR/InteractionSystem/Samples/BuggyBuddy/Buggy Controller.fbx using Guid(02842627faccabf418acf404c32f7b7a) Importer(815301076,1909f56bfc062723c751e8b465ee728b)  -> (artifact id: 'f1baace9a6da1fd905db3152fd0e6b28') in 0.149353 seconds
  Import took 0.157063 seconds .

========================================================================
Received Import Request.
  Time since last request: 0.000237 seconds.
  path: Assets/SteamVR/InteractionSystem/Samples/Prefabs/Button.prefab
  artifactKey: Guid(88075a54c7fb1484ba25db394b612917) Importer(815301076,1909f56bfc062723c751e8b465ee728b)
Start importing Assets/SteamVR/InteractionSystem/Samples/Prefabs/Button.prefab using Guid(88075a54c7fb1484ba25db394b612917) Importer(815301076,1909f56bfc062723c751e8b465ee728b)  -> (artifact id: 'f774024cf129a537563c1c5cb6f8a2db') in 0.041782 seconds
  Import took 0.047509 seconds .

========================================================================
Received Import Request.
  Time since last request: 0.000212 seconds.
  path: Assets/TurboSquid_Models/Surgical_Bone_Saw_StemCell/Surgical_Bone_Saw_StemCell.fbx
  artifactKey: Guid(580efc5f1ea539646af469146173c8fe) Importer(815301076,1909f56bfc062723c751e8b465ee728b)
Start importing Assets/TurboSquid_Models/Surgical_Bone_Saw_StemCell/Surgical_Bone_Saw_StemCell.fbx using Guid(580efc5f1ea539646af469146173c8fe) Importer(815301076,1909f56bfc062723c751e8b465ee728b)  -> (artifact id: '06f4539bf59aced786e7e2dbb90ba243') in 0.192612 seconds
  Import took 0.201864 seconds .

========================================================================
Received Import Request.
  Time since last request: 0.000239 seconds.
  path: Assets/HTC.UnityPlugin/ViveInputUtility/Examples/8.NearFieldHandInteraction/Prefabs/PushButton.prefab
  artifactKey: Guid(c7eebf4782ce6334882e1ed849de995a) Importer(815301076,1909f56bfc062723c751e8b465ee728b)
Start importing Assets/HTC.UnityPlugin/ViveInputUtility/Examples/8.NearFieldHandInteraction/Prefabs/PushButton.prefab using Guid(c7eebf4782ce6334882e1ed849de995a) Importer(815301076,1909f56bfc062723c751e8b465ee728b)  -> (artifact id: '053d570bb0ad163436f9f0672aeadb87') in 0.014189 seconds
  Import took 0.022033 seconds .

========================================================================
Received Import Request.
  Time since last request: 0.000275 seconds.
  path: Assets/HTC.UnityPlugin/ViveInputUtility/Resources/Models/ObjModelOculusGearVrController.fbx
  artifactKey: Guid(6edfa91e984e125488b968a80e340754) Importer(815301076,1909f56bfc062723c751e8b465ee728b)
Start importing Assets/HTC.UnityPlugin/ViveInputUtility/Resources/Models/ObjModelOculusGearVrController.fbx using Guid(6edfa91e984e125488b968a80e340754) Importer(815301076,1909f56bfc062723c751e8b465ee728b)  -> (artifact id: 'd7c6ac19b959f7212146d9c52a0ada6c') in 0.087207 seconds
  Import took 0.094111 seconds .

========================================================================
Received Prepare
Registering precompiled user dll's ...
Registered in 0.013021 seconds.
Begin MonoManager ReloadAssembly
Native extension for WindowsStandalone target not found
Refreshing native plugins compatible for Editor in 1.02 ms, found 10 plugins.
Preloading 0 native plugins for Editor in 0.00 ms.
Invoked RoslynAnalysisRunner static constructor.
RoslynAnalysisRunner will not be running.
RoslynAnalysisRunner has terminated.
Mono: successfully reloaded assembly
- Completed reload, in  1.433 seconds
Platform modules already initialized, skipping
Shader 'Universal Render Pipeline/Particles/Lit': fallback shader 'Universal Render Pipeline/Particles/SimpleLit' not found
Refreshing native plugins compatible for Editor in 1.20 ms, found 10 plugins.
Preloading 0 native plugins for Editor in 0.00 ms.
Unloading 3839 Unused Serialized files (Serialized files now loaded: 0)
System memory in use before: 231.3 MB.
System memory in use after: 231.2 MB.

Unloading 33 unused Assets to reduce memory usage. Loaded Objects now: 4485.
Total: 5.194900 ms (FindLiveObjects: 0.737100 ms CreateObjectMapping: 0.363000 ms MarkObjects: 3.614600 ms  DeleteObjects: 0.477800 ms)

========================================================================
Received Prepare
Registering precompiled user dll's ...
Registered in 0.020094 seconds.
Begin MonoManager ReloadAssembly
Native extension for WindowsStandalone target not found
Refreshing native plugins compatible for Editor in 1.04 ms, found 10 plugins.
Preloading 0 native plugins for Editor in 0.00 ms.
Invoked RoslynAnalysisRunner static constructor.
RoslynAnalysisRunner will not be running.
RoslynAnalysisRunner has terminated.
Mono: successfully reloaded assembly
- Completed reload, in  1.704 seconds
Platform modules already initialized, skipping
Shader 'Universal Render Pipeline/Particles/Lit': fallback shader 'Universal Render Pipeline/Particles/SimpleLit' not found
Refreshing native plugins compatible for Editor in 1.23 ms, found 10 plugins.
Preloading 0 native plugins for Editor in 0.00 ms.
Unloading 3839 Unused Serialized files (Serialized files now loaded: 0)
System memory in use before: 231.4 MB.
System memory in use after: 231.3 MB.

Unloading 32 unused Assets to reduce memory usage. Loaded Objects now: 4489.
Total: 3.822100 ms (FindLiveObjects: 0.575500 ms CreateObjectMapping: 0.457900 ms MarkObjects: 2.513700 ms  DeleteObjects: 0.273600 ms)

========================================================================
Received Prepare
Shader 'Universal Render Pipeline/Particles/Lit': fallback shader 'Universal Render Pipeline/Particles/SimpleLit' not found
Refreshing native plugins compatible for Editor in 14.22 ms, found 10 plugins.
Preloading 0 native plugins for Editor in 0.00 ms.
Unloading 29 Unused Serialized files (Serialized files now loaded: 0)
System memory in use before: 137.1 MB.
System memory in use after: 137.0 MB.

Unloading 29 unused Assets to reduce memory usage. Loaded Objects now: 4489.
Total: 3.108500 ms (FindLiveObjects: 0.425900 ms CreateObjectMapping: 0.243400 ms MarkObjects: 2.154100 ms  DeleteObjects: 0.283900 ms)

========================================================================
Received Prepare
Shader 'Universal Render Pipeline/Particles/Lit': fallback shader 'Universal Render Pipeline/Particles/SimpleLit' not found
Refreshing native plugins compatible for Editor in 10.52 ms, found 10 plugins.
Preloading 0 native plugins for Editor in 0.00 ms.
Unloading 29 Unused Serialized files (Serialized files now loaded: 0)
System memory in use before: 137.1 MB.
System memory in use after: 137.1 MB.

Unloading 29 unused Assets to reduce memory usage. Loaded Objects now: 4489.
Total: 4.081700 ms (FindLiveObjects: 0.422800 ms CreateObjectMapping: 0.207700 ms MarkObjects: 3.123000 ms  DeleteObjects: 0.326400 ms)

========================================================================
Received Prepare
Registering precompiled user dll's ...
Registered in 0.011394 seconds.
Begin MonoManager ReloadAssembly
Native extension for WindowsStandalone target not found
Refreshing native plugins compatible for Editor in 1.14 ms, found 10 plugins.
Preloading 0 native plugins for Editor in 0.00 ms.
Invoked RoslynAnalysisRunner static constructor.
RoslynAnalysisRunner will not be running.
RoslynAnalysisRunner has terminated.
Mono: successfully reloaded assembly
- Completed reload, in  1.166 seconds
Platform modules already initialized, skipping
Shader 'Universal Render Pipeline/Particles/Lit': fallback shader 'Universal Render Pipeline/Particles/SimpleLit' not found
Refreshing native plugins compatible for Editor in 1.00 ms, found 10 plugins.
Preloading 0 native plugins for Editor in 0.00 ms.
Unloading 3839 Unused Serialized files (Serialized files now loaded: 0)
System memory in use before: 231.4 MB.
System memory in use after: 231.3 MB.

Unloading 32 unused Assets to reduce memory usage. Loaded Objects now: 4493.
Total: 3.085900 ms (FindLiveObjects: 0.389700 ms CreateObjectMapping: 0.221600 ms MarkObjects: 2.189400 ms  DeleteObjects: 0.284200 ms)

========================================================================
Received Prepare
Registering precompiled user dll's ...
Registered in 0.012702 seconds.
Begin MonoManager ReloadAssembly
Native extension for WindowsStandalone target not found
Refreshing native plugins compatible for Editor in 1.03 ms, found 10 plugins.
Preloading 0 native plugins for Editor in 0.00 ms.
Invoked RoslynAnalysisRunner static constructor.
RoslynAnalysisRunner will not be running.
RoslynAnalysisRunner has terminated.
Mono: successfully reloaded assembly
- Completed reload, in  1.091 seconds
Platform modules already initialized, skipping
Shader 'Universal Render Pipeline/Particles/Lit': fallback shader 'Universal Render Pipeline/Particles/SimpleLit' not found
Refreshing native plugins compatible for Editor in 1.06 ms, found 10 plugins.
Preloading 0 native plugins for Editor in 0.00 ms.
Unloading 3839 Unused Serialized files (Serialized files now loaded: 0)
System memory in use before: 231.4 MB.
System memory in use after: 231.3 MB.

Unloading 32 unused Assets to reduce memory usage. Loaded Objects now: 4497.
Total: 3.789100 ms (FindLiveObjects: 0.478700 ms CreateObjectMapping: 0.297900 ms MarkObjects: 2.714800 ms  DeleteObjects: 0.296400 ms)

AssetImportWorkerClient::OnTransportError - code=2 error=End of file
